[19:21:06] {C:/FINANCE/Python/PyCharm/Projects/Max-Pain/TESTloadLastDay.py:112} DEBUG - Calling doSQL(emptyLastDayIO)...
[19:21:06] {C:/FINANCE/Python/PyCharm/Projects/Max-Pain/TESTloadLastDay.py:116} DEBUG - Calling loadLastDay()...
[19:21:06] {C:/FINANCE/Python/PyCharm/Projects/Max-Pain/TESTloadLastDay.py:89} DEBUG - In tableDFloaderC:/FINANCE/Python/PyCharm/Projects/Max-Pain/TESTloadLastDay.py __main__
[19:21:06] {C:/FINANCE/Python/PyCharm/Projects/Max-Pain/TESTloadLastDay.py:118} DEBUG - Calling doSQLscript(topCalls)...
[19:21:06] {C:/FINANCE/Python/PyCharm/Projects/Max-Pain/TESTloadLastDay.py:120} DEBUG - Calling doSQLscript(topPuts)...
[19:30:24] {C:/FINANCE/Python/PyCharm/Projects/Max-Pain/TESTloadLastDay.py:112} DEBUG - Calling doSQL(emptyLastDayIO)...
[19:30:24] {C:/FINANCE/Python/PyCharm/Projects/Max-Pain/TESTloadLastDay.py:116} DEBUG - Calling loadLastDay()...
[19:30:24] {C:/FINANCE/Python/PyCharm/Projects/Max-Pain/TESTloadLastDay.py:89} DEBUG - In loadLastDay
[19:30:24] {C:/FINANCE/Python/PyCharm/Projects/Max-Pain/TESTloadLastDay.py:118} DEBUG - Calling doSQLscript(topCalls)...
[19:30:24] {C:/FINANCE/Python/PyCharm/Projects/Max-Pain/TESTloadLastDay.py:120} DEBUG - Calling doSQLscript(topPuts)...
[19:31:20] {C:/FINANCE/Python/PyCharm/Projects/Max-Pain/TESTloadLastDay.py:111} DEBUG - In C:/FINANCE/Python/PyCharm/Projects/Max-Pain/TESTloadLastDay.py
[19:31:20] {C:/FINANCE/Python/PyCharm/Projects/Max-Pain/TESTloadLastDay.py:112} DEBUG - Calling doSQL(emptyLastDayIO)...
[19:31:20] {C:/FINANCE/Python/PyCharm/Projects/Max-Pain/TESTloadLastDay.py:116} DEBUG - Calling loadLastDay()...
[19:31:20] {C:/FINANCE/Python/PyCharm/Projects/Max-Pain/TESTloadLastDay.py:89} DEBUG - In loadLastDay
[19:31:20] {C:/FINANCE/Python/PyCharm/Projects/Max-Pain/TESTloadLastDay.py:118} DEBUG - Calling doSQLscript(topCalls)...
[19:31:20] {C:/FINANCE/Python/PyCharm/Projects/Max-Pain/TESTloadLastDay.py:120} DEBUG - Calling doSQLscript(topPuts)...
[19:33:35] {C:/FINANCE/Python/PyCharm/Projects/Max-Pain/TESTloadLastDay.py:111} DEBUG - In C:/FINANCE/Python/PyCharm/Projects/Max-Pain/TESTloadLastDay.py
[19:33:35] {C:/FINANCE/Python/PyCharm/Projects/Max-Pain/TESTloadLastDay.py:112} DEBUG - Calling doSQL(emptyLastDayIO)...
[19:33:35] {C:/FINANCE/Python/PyCharm/Projects/Max-Pain/TESTloadLastDay.py:116} DEBUG - Calling loadLastDay()...
[19:33:35] {C:/FINANCE/Python/PyCharm/Projects/Max-Pain/TESTloadLastDay.py:89} DEBUG - In loadLastDay
[19:33:35] {C:/FINANCE/Python/PyCharm/Projects/Max-Pain/TESTloadLastDay.py:118} DEBUG - Calling doSQLscript(topCalls)...
[19:33:35] {C:/FINANCE/Python/PyCharm/Projects/Max-Pain/TESTloadLastDay.py:120} DEBUG - Calling doSQLscript(topPuts)...
